# JRE version: Java(TM) SE Runtime Environment (8.0_25-b18) (build 1.8.0_25-b18)
# Java VM: Java HotSpot(TM) Client VM (25.25-b02 mixed mode windows-x86 )
Heap:
 def new generation   total 4992K, used 4548K [0x03800000, 0x03d60000, 0x08d50000)
  eden space 4480K, 100% used [0x03800000, 0x03c60000, 0x03c60000)
  from space 512K,  13% used [0x03ce0000, 0x03cf1298, 0x03d60000)
  to   space 512K,   0% used [0x03c60000, 0x03c60000, 0x03ce0000)
 tenured generation   total 10944K, used 5722K [0x08d50000, 0x09800000, 0x13800000)
   the space 10944K,  52% used [0x08d50000, 0x092e68e0, 0x092e6a00, 0x09800000)
 Metaspace       used 12278K, capacity 12446K, committed 12544K, reserved 12672K
GC Heap History (10 events):
Event: 14.098 GC heap before
{Heap before GC invocations=7 (full 0):
 def new generation   total 4928K, used 4928K [0x03800000, 0x03d50000, 0x08d50000)
  eden space 4416K, 100% used [0x03800000, 0x03c50000, 0x03c50000)
  from space 512K, 100% used [0x03cd0000, 0x03d50000, 0x03d50000)
  to   space 512K,   0% used [0x03c50000, 0x03c50000, 0x03cd0000)
 tenured generation   total 10944K, used 6999K [0x08d50000, 0x09800000, 0x13800000)
   the space 10944K,  63% used [0x08d50000, 0x09425fe8, 0x09426000, 0x09800000)
 Metaspace       used 12004K, capacity 12192K, committed 12288K, reserved 12672K
Event: 14.103 GC heap after
Heap after GC invocations=8 (full 0):
 def new generation   total 4928K, used 342K [0x03800000, 0x03d50000, 0x08d50000)
  eden space 4416K,   0% used [0x03800000, 0x03800000, 0x03c50000)
  from space 512K,  66% used [0x03c50000, 0x03ca59c0, 0x03cd0000)
  to   space 512K,   0% used [0x03cd0000, 0x03cd0000, 0x03d50000)
 tenured generation   total 10944K, used 7265K [0x08d50000, 0x09800000, 0x13800000)
   the space 10944K,  66% used [0x08d50000, 0x09468560, 0x09468600, 0x09800000)
 Metaspace       used 12004K, capacity 12192K, committed 12288K, reserved 12672K
}
Event: 43.084 GC heap before
{Heap before GC invocations=8 (full 0):
 def new generation   total 4928K, used 3219K [0x03800000, 0x03d50000, 0x08d50000)
  eden space 4416K,  65% used [0x03800000, 0x03acf620, 0x03c50000)
  from space 512K,  66% used [0x03c50000, 0x03ca59c0, 0x03cd0000)
  to   space 512K,   0% used [0x03cd0000, 0x03cd0000, 0x03d50000)
 tenured generation   total 10944K, used 7265K [0x08d50000, 0x09800000, 0x13800000)
   the space 10944K,  66% used [0x08d50000, 0x09468560, 0x09468600, 0x09800000)
 Metaspace       used 12036K, capacity 12192K, committed 12288K, reserved 12672K
Event: 43.113 GC heap after
Heap after GC invocations=9 (full 1):
 def new generation   total 4992K, used 0K [0x03800000, 0x03d60000, 0x08d50000)
  eden space 4480K,   0% used [0x03800000, 0x03800000, 0x03c60000)
  from space 512K,   0% used [0x03c60000, 0x03c60000, 0x03ce0000)
  to   space 512K,   0% used [0x03ce0000, 0x03ce0000, 0x03d60000)
 tenured generation   total 10944K, used 5722K [0x08d50000, 0x09800000, 0x13800000)
   the space 10944K,  52% used [0x08d50000, 0x092e68e0, 0x092e6a00, 0x09800000)
 Metaspace       used 12035K, capacity 12190K, committed 12288K, reserved 12672K
}
Event: 294.387 GC heap before
{Heap before GC invocations=9 (full 1):
 def new generation   total 4992K, used 4480K [0x03800000, 0x03d60000, 0x08d50000)
  eden space 4480K, 100% used [0x03800000, 0x03c60000, 0x03c60000)
  from space 512K,   0% used [0x03c60000, 0x03c60000, 0x03ce0000)
  to   space 512K,   0% used [0x03ce0000, 0x03ce0000, 0x03d60000)
 tenured generation   total 10944K, used 5722K [0x08d50000, 0x09800000, 0x13800000)
   the space 10944K,  52% used [0x08d50000, 0x092e68e0, 0x092e6a00, 0x09800000)
 Metaspace       used 12038K, capacity 12222K, committed 12416K, reserved 12672K
Event: 294.390 GC heap after
Heap after GC invocations=10 (full 1):
 def new generation   total 4992K, used 48K [0x03800000, 0x03d60000, 0x08d50000)
  eden space 4480K,   0% used [0x03800000, 0x03800000, 0x03c60000)
  from space 512K,   9% used [0x03ce0000, 0x03cec0a8, 0x03d60000)
  to   space 512K,   0% used [0x03c60000, 0x03c60000, 0x03ce0000)
 tenured generation   total 10944K, used 5722K [0x08d50000, 0x09800000, 0x13800000)
   the space 10944K,  52% used [0x08d50000, 0x092e68e0, 0x092e6a00, 0x09800000)
 Metaspace       used 12038K, capacity 12222K, committed 12416K, reserved 12672K
}
Event: 486.120 GC heap before
{Heap before GC invocations=10 (full 1):
 def new generation   total 4992K, used 4528K [0x03800000, 0x03d60000, 0x08d50000)
  eden space 4480K, 100% used [0x03800000, 0x03c60000, 0x03c60000)
  from space 512K,   9% used [0x03ce0000, 0x03cec0a8, 0x03d60000)
  to   space 512K,   0% used [0x03c60000, 0x03c60000, 0x03ce0000)
 tenured generation   total 10944K, used 5722K [0x08d50000, 0x09800000, 0x13800000)
   the space 10944K,  52% used [0x08d50000, 0x092e68e0, 0x092e6a00, 0x09800000)
 Metaspace       used 12038K, capacity 12222K, committed 12416K, reserved 12672K
Event: 486.122 GC heap after
Heap after GC invocations=11 (full 1):
 def new generation   total 4992K, used 63K [0x03800000, 0x03d60000, 0x08d50000)
  eden space 4480K,   0% used [0x03800000, 0x03800000, 0x03c60000)
  from space 512K,  12% used [0x03c60000, 0x03c6fe78, 0x03ce0000)
  to   space 512K,   0% used [0x03ce0000, 0x03ce0000, 0x03d60000)
 tenured generation   total 10944K, used 5722K [0x08d50000, 0x09800000, 0x13800000)
   the space 10944K,  52% used [0x08d50000, 0x092e68e0, 0x092e6a00, 0x09800000)
 Metaspace       used 12038K, capacity 12222K, committed 12416K, reserved 12672K
}
Event: 726.408 GC heap before
{Heap before GC invocations=11 (full 1):
 def new generation   total 4992K, used 4543K [0x03800000, 0x03d60000, 0x08d50000)
  eden space 4480K, 100% used [0x03800000, 0x03c60000, 0x03c60000)
  from space 512K,  12% used [0x03c60000, 0x03c6fe78, 0x03ce0000)
  to   space 512K,   0% used [0x03ce0000, 0x03ce0000, 0x03d60000)
 tenured generation   total 10944K, used 5722K [0x08d50000, 0x09800000, 0x13800000)
   the space 10944K,  52% used [0x08d50000, 0x092e68e0, 0x092e6a00, 0x09800000)
 Metaspace       used 12199K, capacity 12382K, committed 12544K, reserved 12672K
Event: 726.410 GC heap after
Heap after GC invocations=12 (full 1):
 def new generation   total 4992K, used 68K [0x03800000, 0x03d60000, 0x08d50000)
  eden space 4480K,   0% used [0x03800000, 0x03800000, 0x03c60000)
  from space 512K,  13% used [0x03ce0000, 0x03cf1298, 0x03d60000)
  to   space 512K,   0% used [0x03c60000, 0x03c60000, 0x03ce0000)
 tenured generation   total 10944K, used 5722K [0x08d50000, 0x09800000, 0x13800000)
   the space 10944K,  52% used [0x08d50000, 0x092e68e0, 0x092e6a00, 0x09800000)
 Metaspace       used 12199K, capacity 12382K, committed 12544K, reserved 12672K
}

